# JRE version: OpenJDK Runtime Environment (11.0.10) (build 11.0.10+0-b96-7249189)
# Java VM: OpenJDK 64-Bit Server VM (11.0.10+0-b96-7249189, mixed mode, tiered, compressed oops, g1 gc, windows-amd64)
Heap:
 garbage-first heap   total 265216K, used 122921K [0x00000000a0000000, 0x0000000100000000)
  region size 1024K, 41 young (41984K), 9 survivors (9216K)
 Metaspace       used 93724K, capacity 96440K, committed 96676K, reserved 1132544K
  class space    used 11979K, capacity 12941K, committed 12964K, reserved 1048576K
GC Heap History (20 events):
Event: 7.171 GC heap before
{Heap before GC invocations=9 (full 0):
 garbage-first heap   total 260096K, used 167777K [0x00000000a0000000, 0x0000000100000000)
  region size 1024K, 146 young (149504K), 11 survivors (11264K)
 Metaspace       used 58632K, capacity 59991K, committed 60160K, reserved 1101824K
  class space    used 7414K, capacity 7860K, committed 7936K, reserved 1048576K
}
Event: 7.187 GC heap after
{Heap after GC invocations=10 (full 0):
 garbage-first heap   total 260096K, used 39964K [0x00000000a0000000, 0x0000000100000000)
  region size 1024K, 19 young (19456K), 19 survivors (19456K)
 Metaspace       used 58632K, capacity 59991K, committed 60160K, reserved 1101824K
  class space    used 7414K, capacity 7860K, committed 7936K, reserved 1048576K
}
Event: 8.713 GC heap before
{Heap before GC invocations=10 (full 0):
 garbage-first heap   total 260096K, used 176156K [0x00000000a0000000, 0x0000000100000000)
  region size 1024K, 152 young (155648K), 19 survivors (19456K)
 Metaspace       used 65808K, capacity 67601K, committed 67840K, reserved 1107968K
  class space    used 8535K, capacity 9131K, committed 9216K, reserved 1048576K
}
Event: 8.735 GC heap after
{Heap after GC invocations=11 (full 0):
 garbage-first heap   total 260096K, used 51057K [0x00000000a0000000, 0x0000000100000000)
  region size 1024K, 11 young (11264K), 11 survivors (11264K)
 Metaspace       used 65808K, capacity 67601K, committed 67840K, reserved 1107968K
  class space    used 8535K, capacity 9131K, committed 9216K, reserved 1048576K
}
Event: 10.473 GC heap before
{Heap before GC invocations=11 (full 0):
 garbage-first heap   total 260096K, used 187249K [0x00000000a0000000, 0x0000000100000000)
  region size 1024K, 143 young (146432K), 11 survivors (11264K)
 Metaspace       used 72839K, capacity 75037K, committed 75096K, reserved 1114112K
  class space    used 9500K, capacity 10283K, committed 10328K, reserved 1048576K
}
Event: 10.500 GC heap after
{Heap after GC invocations=12 (full 0):
 garbage-first heap   total 260096K, used 68146K [0x00000000a0000000, 0x0000000100000000)
  region size 1024K, 19 young (19456K), 19 survivors (19456K)
 Metaspace       used 72839K, capacity 75037K, committed 75096K, reserved 1114112K
  class space    used 9500K, capacity 10283K, committed 10328K, reserved 1048576K
}
Event: 29.632 GC heap before
{Heap before GC invocations=13 (full 0):
 garbage-first heap   total 260096K, used 193074K [0x00000000a0000000, 0x0000000100000000)
  region size 1024K, 142 young (145408K), 19 survivors (19456K)
 Metaspace       used 80220K, capacity 82770K, committed 82980K, reserved 1120256K
  class space    used 10618K, capacity 11539K, committed 11556K, reserved 1048576K
}
Event: 29.675 GC heap after
{Heap after GC invocations=14 (full 0):
 garbage-first heap   total 260096K, used 79375K [0x00000000a0000000, 0x0000000100000000)
  region size 1024K, 11 young (11264K), 11 survivors (11264K)
 Metaspace       used 80220K, capacity 82770K, committed 82980K, reserved 1120256K
  class space    used 10618K, capacity 11539K, committed 11556K, reserved 1048576K
}
Event: 30.820 GC heap before
{Heap before GC invocations=15 (full 0):
 garbage-first heap   total 260096K, used 202255K [0x00000000a0000000, 0x0000000100000000)
  region size 1024K, 95 young (97280K), 11 survivors (11264K)
 Metaspace       used 85913K, capacity 88575K, committed 88868K, reserved 1126400K
  class space    used 11335K, capacity 12255K, committed 12324K, reserved 1048576K
}
Event: 30.835 GC heap after
{Heap after GC invocations=16 (full 0):
 garbage-first heap   total 260096K, used 123110K [0x00000000a0000000, 0x0000000100000000)
  region size 1024K, 7 young (7168K), 7 survivors (7168K)
 Metaspace       used 85913K, capacity 88575K, committed 88868K, reserved 1126400K
  class space    used 11335K, capacity 12255K, committed 12324K, reserved 1048576K
}
Event: 32.279 GC heap before
{Heap before GC invocations=17 (full 0):
 garbage-first heap   total 260096K, used 214246K [0x00000000a0000000, 0x0000000100000000)
  region size 1024K, 60 young (61440K), 7 survivors (7168K)
 Metaspace       used 88487K, capacity 91119K, committed 91172K, reserved 1128448K
  class space    used 11624K, capacity 12573K, committed 12580K, reserved 1048576K
}
Event: 32.288 GC heap after
{Heap after GC invocations=18 (full 0):
 garbage-first heap   total 260096K, used 87476K [0x00000000a0000000, 0x0000000100000000)
  region size 1024K, 10 young (10240K), 10 survivors (10240K)
 Metaspace       used 88487K, capacity 91119K, committed 91172K, reserved 1128448K
  class space    used 11624K, capacity 12573K, committed 12580K, reserved 1048576K
}
Event: 32.489 GC heap before
{Heap before GC invocations=19 (full 0):
 garbage-first heap   total 260096K, used 115124K [0x00000000a0000000, 0x0000000100000000)
  region size 1024K, 12 young (12288K), 10 survivors (10240K)
 Metaspace       used 88304K, capacity 90820K, committed 91172K, reserved 1128448K
  class space    used 11569K, capacity 12474K, committed 12580K, reserved 1048576K
}
Event: 32.497 GC heap after
{Heap after GC invocations=20 (full 0):
 garbage-first heap   total 260096K, used 114298K [0x00000000a0000000, 0x0000000100000000)
  region size 1024K, 4 young (4096K), 4 survivors (4096K)
 Metaspace       used 88304K, capacity 90820K, committed 91172K, reserved 1128448K
  class space    used 11569K, capacity 12474K, committed 12580K, reserved 1048576K
}
Event: 32.840 GC heap before
{Heap before GC invocations=21 (full 0):
 garbage-first heap   total 260096K, used 205434K [0x00000000a0000000, 0x0000000100000000)
  region size 1024K, 20 young (20480K), 4 survivors (4096K)
 Metaspace       used 88763K, capacity 91302K, committed 91812K, reserved 1128448K
  class space    used 11629K, capacity 12547K, committed 12708K, reserved 1048576K
}
Event: 32.847 GC heap after
{Heap after GC invocations=22 (full 0):
 garbage-first heap   total 260096K, used 87792K [0x00000000a0000000, 0x0000000100000000)
  region size 1024K, 5 young (5120K), 5 survivors (5120K)
 Metaspace       used 88763K, capacity 91302K, committed 91812K, reserved 1128448K
  class space    used 11629K, capacity 12547K, committed 12708K, reserved 1048576K
}
Event: 861.966 GC heap before
{Heap before GC invocations=23 (full 0):
 garbage-first heap   total 260096K, used 257776K [0x00000000a0000000, 0x0000000100000000)
  region size 1024K, 42 young (43008K), 5 survivors (5120K)
 Metaspace       used 92491K, capacity 95138K, committed 95396K, reserved 1132544K
  class space    used 11903K, capacity 12840K, committed 12964K, reserved 1048576K
}
Event: 861.972 GC heap after
{Heap after GC invocations=24 (full 0):
 garbage-first heap   total 265216K, used 88400K [0x00000000a0000000, 0x0000000100000000)
  region size 1024K, 5 young (5120K), 5 survivors (5120K)
 Metaspace       used 92491K, capacity 95138K, committed 95396K, reserved 1132544K
  class space    used 11903K, capacity 12840K, committed 12964K, reserved 1048576K
}
Event: 3078.057 GC heap before
{Heap before GC invocations=24 (full 0):
 garbage-first heap   total 265216K, used 173392K [0x00000000a0000000, 0x0000000100000000)
  region size 1024K, 89 young (91136K), 5 survivors (5120K)
 Metaspace       used 93092K, capacity 95800K, committed 95908K, reserved 1132544K
  class space    used 11926K, capacity 12882K, committed 12964K, reserved 1048576K
}
Event: 3078.063 GC heap after
{Heap after GC invocations=25 (full 0):
 garbage-first heap   total 265216K, used 92201K [0x00000000a0000000, 0x0000000100000000)
  region size 1024K, 9 young (9216K), 9 survivors (9216K)
 Metaspace       used 93092K, capacity 95800K, committed 95908K, reserved 1132544K
  class space    used 11926K, capacity 12882K, committed 12964K, reserved 1048576K
}

